# JRE version: OpenJDK Runtime Environment (8.0_76-b03) (build 1.8.0_76-release-b03)
# Java VM: OpenJDK 64-Bit Server VM (25.76-b03 mixed mode windows-amd64 compressed oops)
Heap:
 PSYoungGen      total 313856K, used 120338K [0x00000000eab00000, 0x0000000100000000, 0x0000000100000000)
  eden space 288768K, 33% used [0x00000000eab00000,0x00000000f0818790,0x00000000fc500000)
  from space 25088K, 99% used [0x00000000fc500000,0x00000000fdd6c078,0x00000000fdd80000)
  to   space 32768K, 0% used [0x00000000fe000000,0x00000000fe000000,0x0000000100000000)
 ParOldGen       total 99840K, used 76469K [0x00000000c0000000, 0x00000000c6180000, 0x00000000eab00000)
  object space 99840K, 76% used [0x00000000c0000000,0x00000000c4aad418,0x00000000c6180000)
 Metaspace       used 77022K, capacity 81544K, committed 81880K, reserved 1120256K
  class space    used 10032K, capacity 10867K, committed 10968K, reserved 1048576K
GC Heap History (10 events):
Event: 2831.180 GC heap before
{Heap before GC invocations=14 (full 3):
 PSYoungGen      total 324096K, used 302080K [0x00000000eab00000, 0x0000000100000000, 0x0000000100000000)
  eden space 302080K, 100% used [0x00000000eab00000,0x00000000fd200000,0x00000000fd200000)
  from space 22016K, 0% used [0x00000000fe980000,0x00000000fe980000,0x00000000fff00000)
  to   space 23552K, 0% used [0x00000000fd200000,0x00000000fd200000,0x00000000fe900000)
 ParOldGen       total 99840K, used 34512K [0x00000000c0000000, 0x00000000c6180000, 0x00000000eab00000)
  object space 99840K, 34% used [0x00000000c0000000,0x00000000c21b4328,0x00000000c6180000)
 Metaspace       used 63843K, capacity 66956K, committed 67032K, reserved 1107968K
  class space    used 8503K, capacity 9168K, committed 9176K, reserved 1048576K
Event: 2831.280 GC heap after
Heap after GC invocations=14 (full 3):
 PSYoungGen      total 325632K, used 23545K [0x00000000eab00000, 0x0000000100000000, 0x0000000100000000)
  eden space 302080K, 0% used [0x00000000eab00000,0x00000000eab00000,0x00000000fd200000)
  from space 23552K, 99% used [0x00000000fd200000,0x00000000fe8fe730,0x00000000fe900000)
  to   space 23552K, 0% used [0x00000000fe900000,0x00000000fe900000,0x0000000100000000)
 ParOldGen       total 99840K, used 37695K [0x00000000c0000000, 0x00000000c6180000, 0x00000000eab00000)
  object space 99840K, 37% used [0x00000000c0000000,0x00000000c24cfc60,0x00000000c6180000)
 Metaspace       used 63843K, capacity 66956K, committed 67032K, reserved 1107968K
  class space    used 8503K, capacity 9168K, committed 9176K, reserved 1048576K
}
Event: 2850.487 GC heap before
{Heap before GC invocations=15 (full 3):
 PSYoungGen      total 325632K, used 325625K [0x00000000eab00000, 0x0000000100000000, 0x0000000100000000)
  eden space 302080K, 100% used [0x00000000eab00000,0x00000000fd200000,0x00000000fd200000)
  from space 23552K, 99% used [0x00000000fd200000,0x00000000fe8fe730,0x00000000fe900000)
  to   space 23552K, 0% used [0x00000000fe900000,0x00000000fe900000,0x0000000100000000)
 ParOldGen       total 99840K, used 37695K [0x00000000c0000000, 0x00000000c6180000, 0x00000000eab00000)
  object space 99840K, 37% used [0x00000000c0000000,0x00000000c24cfc60,0x00000000c6180000)
 Metaspace       used 68534K, capacity 71698K, committed 71896K, reserved 1112064K
  class space    used 8989K, capacity 9633K, committed 9688K, reserved 1048576K
Event: 2850.615 GC heap after
Heap after GC invocations=15 (full 3):
 PSYoungGen      total 317440K, used 15713K [0x00000000eab00000, 0x0000000100000000, 0x0000000100000000)
  eden space 293888K, 0% used [0x00000000eab00000,0x00000000eab00000,0x00000000fca00000)
  from space 23552K, 66% used [0x00000000fe900000,0x00000000ff858438,0x0000000100000000)
  to   space 27648K, 0% used [0x00000000fca00000,0x00000000fca00000,0x00000000fe500000)
 ParOldGen       total 99840K, used 60137K [0x00000000c0000000, 0x00000000c6180000, 0x00000000eab00000)
  object space 99840K, 60% used [0x00000000c0000000,0x00000000c3aba5b8,0x00000000c6180000)
 Metaspace       used 68534K, capacity 71698K, committed 71896K, reserved 1112064K
  class space    used 8989K, capacity 9633K, committed 9688K, reserved 1048576K
}
Event: 4438.775 GC heap before
{Heap before GC invocations=16 (full 3):
 PSYoungGen      total 317440K, used 309601K [0x00000000eab00000, 0x0000000100000000, 0x0000000100000000)
  eden space 293888K, 100% used [0x00000000eab00000,0x00000000fca00000,0x00000000fca00000)
  from space 23552K, 66% used [0x00000000fe900000,0x00000000ff858438,0x0000000100000000)
  to   space 27648K, 0% used [0x00000000fca00000,0x00000000fca00000,0x00000000fe500000)
 ParOldGen       total 99840K, used 60137K [0x00000000c0000000, 0x00000000c6180000, 0x00000000eab00000)
  object space 99840K, 60% used [0x00000000c0000000,0x00000000c3aba5b8,0x00000000c6180000)
 Metaspace       used 69925K, capacity 73846K, committed 73944K, reserved 1114112K
  class space    used 9206K, capacity 9944K, committed 9944K, reserved 1048576K
Event: 4438.919 GC heap after
Heap after GC invocations=16 (full 3):
 PSYoungGen      total 321536K, used 27209K [0x00000000eab00000, 0x0000000100000000, 0x0000000100000000)
  eden space 293888K, 0% used [0x00000000eab00000,0x00000000eab00000,0x00000000fca00000)
  from space 27648K, 98% used [0x00000000fca00000,0x00000000fe4926c0,0x00000000fe500000)
  to   space 27648K, 0% used [0x00000000fe500000,0x00000000fe500000,0x0000000100000000)
 ParOldGen       total 99840K, used 63394K [0x00000000c0000000, 0x00000000c6180000, 0x00000000eab00000)
  object space 99840K, 63% used [0x00000000c0000000,0x00000000c3de8bc8,0x00000000c6180000)
 Metaspace       used 69925K, capacity 73846K, committed 73944K, reserved 1114112K
  class space    used 9206K, capacity 9944K, committed 9944K, reserved 1048576K
}
Event: 4466.056 GC heap before
{Heap before GC invocations=17 (full 3):
 PSYoungGen      total 321536K, used 321097K [0x00000000eab00000, 0x0000000100000000, 0x0000000100000000)
  eden space 293888K, 100% used [0x00000000eab00000,0x00000000fca00000,0x00000000fca00000)
  from space 27648K, 98% used [0x00000000fca00000,0x00000000fe4926c0,0x00000000fe500000)
  to   space 27648K, 0% used [0x00000000fe500000,0x00000000fe500000,0x0000000100000000)
 ParOldGen       total 99840K, used 63394K [0x00000000c0000000, 0x00000000c6180000, 0x00000000eab00000)
  object space 99840K, 63% used [0x00000000c0000000,0x00000000c3de8bc8,0x00000000c6180000)
 Metaspace       used 71356K, capacity 75718K, committed 75864K, reserved 1114112K
  class space    used 9396K, capacity 10266K, committed 10328K, reserved 1048576K
Event: 4466.162 GC heap after
Heap after GC invocations=17 (full 3):
 PSYoungGen      total 316416K, used 16401K [0x00000000eab00000, 0x0000000100000000, 0x0000000100000000)
  eden space 288768K, 0% used [0x00000000eab00000,0x00000000eab00000,0x00000000fc500000)
  from space 27648K, 59% used [0x00000000fe500000,0x00000000ff5047a0,0x0000000100000000)
  to   space 30208K, 0% used [0x00000000fc500000,0x00000000fc500000,0x00000000fe280000)
 ParOldGen       total 99840K, used 71091K [0x00000000c0000000, 0x00000000c6180000, 0x00000000eab00000)
  object space 99840K, 71% used [0x00000000c0000000,0x00000000c456cdc0,0x00000000c6180000)
 Metaspace       used 71356K, capacity 75718K, committed 75864K, reserved 1114112K
  class space    used 9396K, capacity 10266K, committed 10328K, reserved 1048576K
}
Event: 7897.256 GC heap before
{Heap before GC invocations=18 (full 3):
 PSYoungGen      total 316416K, used 305169K [0x00000000eab00000, 0x0000000100000000, 0x0000000100000000)
  eden space 288768K, 100% used [0x00000000eab00000,0x00000000fc500000,0x00000000fc500000)
  from space 27648K, 59% used [0x00000000fe500000,0x00000000ff5047a0,0x0000000100000000)
  to   space 30208K, 0% used [0x00000000fc500000,0x00000000fc500000,0x00000000fe280000)
 ParOldGen       total 99840K, used 71091K [0x00000000c0000000, 0x00000000c6180000, 0x00000000eab00000)
  object space 99840K, 71% used [0x00000000c0000000,0x00000000c456cdc0,0x00000000c6180000)
 Metaspace       used 71441K, capacity 75882K, committed 76120K, reserved 1116160K
  class space    used 9405K, capacity 10276K, committed 10328K, reserved 1048576K
Event: 7897.374 GC heap after
Heap after GC invocations=18 (full 3):
 PSYoungGen      total 313856K, used 25008K [0x00000000eab00000, 0x0000000100000000, 0x0000000100000000)
  eden space 288768K, 0% used [0x00000000eab00000,0x00000000eab00000,0x00000000fc500000)
  from space 25088K, 99% used [0x00000000fc500000,0x00000000fdd6c078,0x00000000fdd80000)
  to   space 32768K, 0% used [0x00000000fe000000,0x00000000fe000000,0x0000000100000000)
 ParOldGen       total 99840K, used 76469K [0x00000000c0000000, 0x00000000c6180000, 0x00000000eab00000)
  object space 99840K, 76% used [0x00000000c0000000,0x00000000c4aad418,0x00000000c6180000)
 Metaspace       used 71441K, capacity 75882K, committed 76120K, reserved 1116160K
  class space    used 9405K, capacity 10276K, committed 10328K, reserved 1048576K
}

