# JRE version: OpenJDK Runtime Environment (8.0_76-b03) (build 1.8.0_76-release-b03)
# Java VM: OpenJDK 64-Bit Server VM (25.76-b03 mixed mode windows-amd64 compressed oops)
Heap:
 PSYoungGen      total 349696K, used 165166K [0x00000000e0000000, 0x00000000f7f80000, 0x0000000100000000)
  eden space 324096K, 50% used [0x00000000e0000000,0x00000000ea14b8f8,0x00000000f3c80000)
  from space 25600K, 0% used [0x00000000f5580000,0x00000000f5580000,0x00000000f6e80000)
  to   space 25600K, 0% used [0x00000000f3c80000,0x00000000f3c80000,0x00000000f5580000)
 ParOldGen       total 133632K, used 43530K [0x00000000a0000000, 0x00000000a8280000, 0x00000000e0000000)
  object space 133632K, 32% used [0x00000000a0000000,0x00000000a2a829a8,0x00000000a8280000)
 Metaspace       used 61777K, capacity 63290K, committed 63488K, reserved 1103872K
  class space    used 8077K, capacity 8433K, committed 8448K, reserved 1048576K
GC Heap History (10 events):
Event: 29.644 GC heap before
{Heap before GC invocations=9 (full 2):
 PSYoungGen      total 160256K, used 146944K [0x00000000e0000000, 0x00000000f0200000, 0x0000000100000000)
  eden space 146944K, 100% used [0x00000000e0000000,0x00000000e8f80000,0x00000000e8f80000)
  from space 13312K, 0% used [0x00000000e9c00000,0x00000000e9c00000,0x00000000ea900000)
  to   space 12800K, 0% used [0x00000000e8f80000,0x00000000e8f80000,0x00000000e9c00000)
 ParOldGen       total 90112K, used 16601K [0x00000000a0000000, 0x00000000a5800000, 0x00000000e0000000)
  object space 90112K, 18% used [0x00000000a0000000,0x00000000a1036718,0x00000000a5800000)
 Metaspace       used 43666K, capacity 44688K, committed 44800K, reserved 1087488K
  class space    used 5863K, capacity 6104K, committed 6144K, reserved 1048576K
Event: 29.763 GC heap after
Heap after GC invocations=9 (full 2):
 PSYoungGen      total 159744K, used 12789K [0x00000000e0000000, 0x00000000f1080000, 0x0000000100000000)
  eden space 146944K, 0% used [0x00000000e0000000,0x00000000e0000000,0x00000000e8f80000)
  from space 12800K, 99% used [0x00000000e8f80000,0x00000000e9bfd7d8,0x00000000e9c00000)
  to   space 14848K, 0% used [0x00000000f0200000,0x00000000f0200000,0x00000000f1080000)
 ParOldGen       total 90112K, used 17500K [0x00000000a0000000, 0x00000000a5800000, 0x00000000e0000000)
  object space 90112K, 19% used [0x00000000a0000000,0x00000000a1117088,0x00000000a5800000)
 Metaspace       used 43666K, capacity 44688K, committed 44800K, reserved 1087488K
  class space    used 5863K, capacity 6104K, committed 6144K, reserved 1048576K
}
Event: 58.650 GC heap before
{Heap before GC invocations=10 (full 2):
 PSYoungGen      total 159744K, used 159733K [0x00000000e0000000, 0x00000000f1080000, 0x0000000100000000)
  eden space 146944K, 100% used [0x00000000e0000000,0x00000000e8f80000,0x00000000e8f80000)
  from space 12800K, 99% used [0x00000000e8f80000,0x00000000e9bfd7d8,0x00000000e9c00000)
  to   space 14848K, 0% used [0x00000000f0200000,0x00000000f0200000,0x00000000f1080000)
 ParOldGen       total 90112K, used 17500K [0x00000000a0000000, 0x00000000a5800000, 0x00000000e0000000)
  object space 90112K, 19% used [0x00000000a0000000,0x00000000a1117088,0x00000000a5800000)
 Metaspace       used 50636K, capacity 51850K, committed 52096K, reserved 1093632K
  class space    used 6775K, capacity 7039K, committed 7040K, reserved 1048576K
Event: 58.768 GC heap after
Heap after GC invocations=10 (full 2):
 PSYoungGen      total 255488K, used 14842K [0x00000000e0000000, 0x00000000f1500000, 0x0000000100000000)
  eden space 240640K, 0% used [0x00000000e0000000,0x00000000e0000000,0x00000000eeb00000)
  from space 14848K, 99% used [0x00000000f0200000,0x00000000f107eb78,0x00000000f1080000)
  to   space 21504K, 0% used [0x00000000eeb00000,0x00000000eeb00000,0x00000000f0000000)
 ParOldGen       total 90112K, used 28940K [0x00000000a0000000, 0x00000000a5800000, 0x00000000e0000000)
  object space 90112K, 32% used [0x00000000a0000000,0x00000000a1c430e0,0x00000000a5800000)
 Metaspace       used 50636K, capacity 51850K, committed 52096K, reserved 1093632K
  class space    used 6775K, capacity 7039K, committed 7040K, reserved 1048576K
}
Event: 91.326 GC heap before
{Heap before GC invocations=11 (full 2):
 PSYoungGen      total 255488K, used 255482K [0x00000000e0000000, 0x00000000f1500000, 0x0000000100000000)
  eden space 240640K, 100% used [0x00000000e0000000,0x00000000eeb00000,0x00000000eeb00000)
  from space 14848K, 99% used [0x00000000f0200000,0x00000000f107eb78,0x00000000f1080000)
  to   space 21504K, 0% used [0x00000000eeb00000,0x00000000eeb00000,0x00000000f0000000)
 ParOldGen       total 90112K, used 28940K [0x00000000a0000000, 0x00000000a5800000, 0x00000000e0000000)
  object space 90112K, 32% used [0x00000000a0000000,0x00000000a1c430e0,0x00000000a5800000)
 Metaspace       used 56975K, capacity 58356K, committed 58624K, reserved 1099776K
  class space    used 7572K, capacity 7868K, committed 7936K, reserved 1048576K
Event: 91.469 GC heap after
Heap after GC invocations=11 (full 2):
 PSYoungGen      total 262144K, used 21479K [0x00000000e0000000, 0x00000000f6e80000, 0x0000000100000000)
  eden space 240640K, 0% used [0x00000000e0000000,0x00000000e0000000,0x00000000eeb00000)
  from space 21504K, 99% used [0x00000000eeb00000,0x00000000efff9fb8,0x00000000f0000000)
  to   space 25600K, 0% used [0x00000000f5580000,0x00000000f5580000,0x00000000f6e80000)
 ParOldGen       total 90112K, used 31310K [0x00000000a0000000, 0x00000000a5800000, 0x00000000e0000000)
  object space 90112K, 34% used [0x00000000a0000000,0x00000000a1e93b18,0x00000000a5800000)
 Metaspace       used 56975K, capacity 58356K, committed 58624K, reserved 1099776K
  class space    used 7572K, capacity 7868K, committed 7936K, reserved 1048576K
}
Event: 92.752 GC heap before
{Heap before GC invocations=12 (full 2):
 PSYoungGen      total 262144K, used 58120K [0x00000000e0000000, 0x00000000f6e80000, 0x0000000100000000)
  eden space 240640K, 15% used [0x00000000e0000000,0x00000000e23c81a0,0x00000000eeb00000)
  from space 21504K, 99% used [0x00000000eeb00000,0x00000000efff9fb8,0x00000000f0000000)
  to   space 25600K, 0% used [0x00000000f5580000,0x00000000f5580000,0x00000000f6e80000)
 ParOldGen       total 90112K, used 31310K [0x00000000a0000000, 0x00000000a5800000, 0x00000000e0000000)
  object space 90112K, 34% used [0x00000000a0000000,0x00000000a1e93b18,0x00000000a5800000)
 Metaspace       used 57699K, capacity 59060K, committed 59136K, reserved 1099776K
  class space    used 7628K, capacity 7932K, committed 7936K, reserved 1048576K
Event: 92.942 GC heap after
Heap after GC invocations=12 (full 2):
 PSYoungGen      total 349696K, used 15692K [0x00000000e0000000, 0x00000000f7f80000, 0x0000000100000000)
  eden space 324096K, 0% used [0x00000000e0000000,0x00000000e0000000,0x00000000f3c80000)
  from space 25600K, 61% used [0x00000000f5580000,0x00000000f64d3270,0x00000000f6e80000)
  to   space 25600K, 0% used [0x00000000f3c80000,0x00000000f3c80000,0x00000000f5580000)
 ParOldGen       total 90112K, used 45779K [0x00000000a0000000, 0x00000000a5800000, 0x00000000e0000000)
  object space 90112K, 50% used [0x00000000a0000000,0x00000000a2cb4fd0,0x00000000a5800000)
 Metaspace       used 57699K, capacity 59060K, committed 59136K, reserved 1099776K
  class space    used 7628K, capacity 7932K, committed 7936K, reserved 1048576K
}
Event: 92.942 GC heap before
{Heap before GC invocations=13 (full 3):
 PSYoungGen      total 349696K, used 15692K [0x00000000e0000000, 0x00000000f7f80000, 0x0000000100000000)
  eden space 324096K, 0% used [0x00000000e0000000,0x00000000e0000000,0x00000000f3c80000)
  from space 25600K, 61% used [0x00000000f5580000,0x00000000f64d3270,0x00000000f6e80000)
  to   space 25600K, 0% used [0x00000000f3c80000,0x00000000f3c80000,0x00000000f5580000)
 ParOldGen       total 90112K, used 45779K [0x00000000a0000000, 0x00000000a5800000, 0x00000000e0000000)
  object space 90112K, 50% used [0x00000000a0000000,0x00000000a2cb4fd0,0x00000000a5800000)
 Metaspace       used 57699K, capacity 59060K, committed 59136K, reserved 1099776K
  class space    used 7628K, capacity 7932K, committed 7936K, reserved 1048576K
Event: 93.748 GC heap after
Heap after GC invocations=13 (full 3):
 PSYoungGen      total 349696K, used 0K [0x00000000e0000000, 0x00000000f7f80000, 0x0000000100000000)
  eden space 324096K, 0% used [0x00000000e0000000,0x00000000e0000000,0x00000000f3c80000)
  from space 25600K, 0% used [0x00000000f5580000,0x00000000f5580000,0x00000000f6e80000)
  to   space 25600K, 0% used [0x00000000f3c80000,0x00000000f3c80000,0x00000000f5580000)
 ParOldGen       total 133632K, used 43530K [0x00000000a0000000, 0x00000000a8280000, 0x00000000e0000000)
  object space 133632K, 32% used [0x00000000a0000000,0x00000000a2a829a8,0x00000000a8280000)
 Metaspace       used 57697K, capacity 59054K, committed 59136K, reserved 1099776K
  class space    used 7628K, capacity 7931K, committed 7936K, reserved 1048576K
}

